0 info it worked if it ends with ok
1 verbose cli [ '/var/lib/openshift/51a9fda94382ec48b000011b/app-root/data//bin/node-openshift-v8',
1 verbose cli   '/var/lib/stickshift/51a9fda94382ec48b000011b/app-root/data/lib/node_modules/npm/bin/npm-cli.js',
1 verbose cli   'install' ]
2 info using npm@1.1.62
3 info using node@v0.8.9
4 verbose node symlink /var/lib/openshift/51a9fda94382ec48b000011b/app-root/data//bin/node-openshift-v8
5 verbose read json /var/lib/stickshift/51a9fda94382ec48b000011b/app-root/data/515662/package.json
6 verbose readDependencies using package.json deps
7 verbose install where, deps [ '/var/lib/stickshift/51a9fda94382ec48b000011b/app-root/data/515662',
7 verbose install   [ 'twilio',
7 verbose install     'request',
7 verbose install     'node-promise',
7 verbose install     'express',
7 verbose install     'arcnearby',
7 verbose install     'timsgeocoder',
7 verbose install     'underscore' ] ]
8 verbose from cache /var/lib/stickshift/51a9fda94382ec48b000011b/app-root/data/515662/package.json
9 info preinstall phillysnap@0.0.1
10 verbose read json /var/lib/stickshift/51a9fda94382ec48b000011b/app-root/data/515662/node_modules/timsgeocoder/package.json
11 verbose read json /var/lib/stickshift/51a9fda94382ec48b000011b/app-root/data/515662/node_modules/arcnearby/package.json
12 verbose from cache /var/lib/stickshift/51a9fda94382ec48b000011b/app-root/data/515662/package.json
13 verbose readDependencies using package.json deps
14 verbose read json /var/lib/stickshift/51a9fda94382ec48b000011b/app-root/data/515662/node_modules/timsgeocoder/package.json
15 verbose read json /var/lib/stickshift/51a9fda94382ec48b000011b/app-root/data/515662/node_modules/arcnearby/package.json
16 verbose cache add [ 'twilio@~1.1.3', null ]
17 silly cache add name=undefined spec="twilio@~1.1.3" args=["twilio@~1.1.3",null]
18 verbose parsed url { pathname: 'twilio@~1.1.3',
18 verbose parsed url   path: 'twilio@~1.1.3',
18 verbose parsed url   href: 'twilio@~1.1.3' }
19 silly cache add name="twilio" spec="~1.1.3" args=["twilio","~1.1.3"]
20 verbose parsed url { pathname: '~1.1.3', path: '~1.1.3', href: '~1.1.3' }
21 verbose addNamed [ 'twilio', '~1.1.3' ]
22 verbose addNamed [ null, '>=1.1.3- <1.2.0-' ]
23 verbose cache add [ 'request@~2.21.0', null ]
24 silly cache add name=undefined spec="request@~2.21.0" args=["request@~2.21.0",null]
25 verbose parsed url { pathname: 'request@~2.21.0',
25 verbose parsed url   path: 'request@~2.21.0',
25 verbose parsed url   href: 'request@~2.21.0' }
26 silly cache add name="request" spec="~2.21.0" args=["request","~2.21.0"]
27 verbose parsed url { pathname: '~2.21.0', path: '~2.21.0', href: '~2.21.0' }
28 verbose addNamed [ 'request', '~2.21.0' ]
29 verbose addNamed [ null, '>=2.21.0- <2.22.0-' ]
30 silly lockFile 76bacacd-twilio-1-1-3 twilio@~1.1.3
31 verbose lock twilio@~1.1.3 /var/lib/openshift/51a9fda94382ec48b000011b/app-root/data/.npm/76bacacd-twilio-1-1-3.lock
32 silly lockFile 9c0c2c37-request-2-21-0 request@~2.21.0
33 verbose lock request@~2.21.0 /var/lib/openshift/51a9fda94382ec48b000011b/app-root/data/.npm/9c0c2c37-request-2-21-0.lock
34 silly addNameRange { name: 'twilio', range: '>=1.1.3- <1.2.0-', hasData: false }
35 silly addNameRange { name: 'request', range: '>=2.21.0- <2.22.0-', hasData: false }
36 verbose cache add [ 'node-promise@~0.5.6', null ]
37 silly cache add name=undefined spec="node-promise@~0.5.6" args=["node-promise@~0.5.6",null]
38 verbose parsed url { pathname: 'node-promise@~0.5.6',
38 verbose parsed url   path: 'node-promise@~0.5.6',
38 verbose parsed url   href: 'node-promise@~0.5.6' }
39 silly cache add name="node-promise" spec="~0.5.6" args=["node-promise","~0.5.6"]
40 verbose parsed url { pathname: '~0.5.6', path: '~0.5.6', href: '~0.5.6' }
41 verbose addNamed [ 'node-promise', '~0.5.6' ]
42 verbose addNamed [ null, '>=0.5.6- <0.6.0-' ]
43 silly lockFile 6896a269-node-promise-0-5-6 node-promise@~0.5.6
44 verbose lock node-promise@~0.5.6 /var/lib/openshift/51a9fda94382ec48b000011b/app-root/data/.npm/6896a269-node-promise-0-5-6.lock
45 verbose cache add [ 'express@~3.2.6', null ]
46 silly cache add name=undefined spec="express@~3.2.6" args=["express@~3.2.6",null]
47 verbose parsed url { pathname: 'express@~3.2.6',
47 verbose parsed url   path: 'express@~3.2.6',
47 verbose parsed url   href: 'express@~3.2.6' }
48 silly cache add name="express" spec="~3.2.6" args=["express","~3.2.6"]
49 verbose parsed url { pathname: '~3.2.6', path: '~3.2.6', href: '~3.2.6' }
50 verbose addNamed [ 'express', '~3.2.6' ]
51 verbose addNamed [ null, '>=3.2.6- <3.3.0-' ]
52 silly lockFile 0b14f64a-express-3-2-6 express@~3.2.6
53 verbose lock express@~3.2.6 /var/lib/openshift/51a9fda94382ec48b000011b/app-root/data/.npm/0b14f64a-express-3-2-6.lock
54 verbose cache add [ 'arcnearby@~0.0.4', null ]
55 silly cache add name=undefined spec="arcnearby@~0.0.4" args=["arcnearby@~0.0.4",null]
56 verbose parsed url { pathname: 'arcnearby@~0.0.4',
56 verbose parsed url   path: 'arcnearby@~0.0.4',
56 verbose parsed url   href: 'arcnearby@~0.0.4' }
57 silly cache add name="arcnearby" spec="~0.0.4" args=["arcnearby","~0.0.4"]
58 verbose parsed url { pathname: '~0.0.4', path: '~0.0.4', href: '~0.0.4' }
59 verbose addNamed [ 'arcnearby', '~0.0.4' ]
60 verbose addNamed [ null, '>=0.0.4- <0.1.0-' ]
61 silly lockFile ad42993f-arcnearby-0-0-4 arcnearby@~0.0.4
62 verbose lock arcnearby@~0.0.4 /var/lib/openshift/51a9fda94382ec48b000011b/app-root/data/.npm/ad42993f-arcnearby-0-0-4.lock
63 verbose cache add [ 'timsgeocoder@~0.0.1', null ]
64 silly cache add name=undefined spec="timsgeocoder@~0.0.1" args=["timsgeocoder@~0.0.1",null]
65 verbose parsed url { pathname: 'timsgeocoder@~0.0.1',
65 verbose parsed url   path: 'timsgeocoder@~0.0.1',
65 verbose parsed url   href: 'timsgeocoder@~0.0.1' }
66 silly cache add name="timsgeocoder" spec="~0.0.1" args=["timsgeocoder","~0.0.1"]
67 verbose parsed url { pathname: '~0.0.1', path: '~0.0.1', href: '~0.0.1' }
68 verbose addNamed [ 'timsgeocoder', '~0.0.1' ]
69 verbose addNamed [ null, '>=0.0.1- <0.1.0-' ]
70 silly lockFile f7711ff2-timsgeocoder-0-0-1 timsgeocoder@~0.0.1
71 verbose lock timsgeocoder@~0.0.1 /var/lib/openshift/51a9fda94382ec48b000011b/app-root/data/.npm/f7711ff2-timsgeocoder-0-0-1.lock
72 verbose cache add [ 'underscore@~1.4.4', null ]
73 silly cache add name=undefined spec="underscore@~1.4.4" args=["underscore@~1.4.4",null]
74 verbose parsed url { pathname: 'underscore@~1.4.4',
74 verbose parsed url   path: 'underscore@~1.4.4',
74 verbose parsed url   href: 'underscore@~1.4.4' }
75 silly cache add name="underscore" spec="~1.4.4" args=["underscore","~1.4.4"]
76 verbose parsed url { pathname: '~1.4.4', path: '~1.4.4', href: '~1.4.4' }
77 verbose addNamed [ 'underscore', '~1.4.4' ]
78 verbose addNamed [ null, '>=1.4.4- <1.5.0-' ]
79 silly lockFile 286a8917-underscore-1-4-4 underscore@~1.4.4
80 verbose lock underscore@~1.4.4 /var/lib/openshift/51a9fda94382ec48b000011b/app-root/data/.npm/286a8917-underscore-1-4-4.lock
81 silly addNameRange { name: 'express', range: '>=3.2.6- <3.3.0-', hasData: false }
82 silly addNameRange { name: 'node-promise',
82 silly addNameRange   range: '>=0.5.6- <0.6.0-',
82 silly addNameRange   hasData: false }
83 silly addNameRange { name: 'underscore', range: '>=1.4.4- <1.5.0-', hasData: false }
84 silly addNameRange { name: 'timsgeocoder',
84 silly addNameRange   range: '>=0.0.1- <0.1.0-',
84 silly addNameRange   hasData: false }
85 verbose url raw timsgeocoder
86 verbose url resolving [ 'https://registry.npmjs.org/', './timsgeocoder' ]
87 verbose url resolved https://registry.npmjs.org/timsgeocoder
88 info trying registry request attempt 1 at 16:44:53
89 http GET https://registry.npmjs.org/timsgeocoder
90 silly addNameRange { name: 'arcnearby', range: '>=0.0.4- <0.1.0-', hasData: false }
91 verbose url raw arcnearby
92 verbose url resolving [ 'https://registry.npmjs.org/', './arcnearby' ]
93 verbose url resolved https://registry.npmjs.org/arcnearby
94 info trying registry request attempt 1 at 16:44:53
95 http GET https://registry.npmjs.org/arcnearby
96 verbose url raw twilio
97 verbose url resolving [ 'https://registry.npmjs.org/', './twilio' ]
98 verbose url resolved https://registry.npmjs.org/twilio
99 info trying registry request attempt 1 at 16:44:53
100 verbose etag "CRKEOHTCGG7SLALAWMSBY3F52"
101 http GET https://registry.npmjs.org/twilio
102 verbose url raw request
103 verbose url resolving [ 'https://registry.npmjs.org/', './request' ]
104 verbose url resolved https://registry.npmjs.org/request
105 info trying registry request attempt 1 at 16:44:53
106 verbose etag "8448TI6BZZICFGCHN4MNQTBQM"
107 http GET https://registry.npmjs.org/request
108 verbose url raw node-promise
109 verbose url resolving [ 'https://registry.npmjs.org/', './node-promise' ]
110 verbose url resolved https://registry.npmjs.org/node-promise
111 info trying registry request attempt 1 at 16:44:53
112 verbose etag "4JK80D7U785DBBIB866PAER6V"
113 http GET https://registry.npmjs.org/node-promise
114 verbose url raw underscore
115 verbose url resolving [ 'https://registry.npmjs.org/', './underscore' ]
116 verbose url resolved https://registry.npmjs.org/underscore
117 info trying registry request attempt 1 at 16:44:54
118 verbose etag "B8MDT3CM9X0J04Y9UCDU5C3RM"
119 http GET https://registry.npmjs.org/underscore
120 verbose url raw express
121 verbose url resolving [ 'https://registry.npmjs.org/', './express' ]
122 verbose url resolved https://registry.npmjs.org/express
123 info trying registry request attempt 1 at 16:44:54
124 verbose etag "4Q94AGDGYIZL3YGN11MYWS9L9"
125 http GET https://registry.npmjs.org/express
126 http 200 https://registry.npmjs.org/timsgeocoder
127 silly registry.get cb [ 200,
127 silly registry.get   { vary: 'Accept',
127 silly registry.get     server: 'CouchDB/1.3.0 (Erlang OTP/R15B03)',
127 silly registry.get     etag: '"73BNF6V0RIGL7O0SJOLG2C6IV"',
127 silly registry.get     date: 'Sat, 29 Jun 2013 20:44:54 GMT',
127 silly registry.get     'content-type': 'application/json',
127 silly registry.get     'content-length': '1976' } ]
128 silly addNameRange number 2 { name: 'timsgeocoder',
128 silly addNameRange   range: '>=0.0.1- <0.1.0-',
128 silly addNameRange   hasData: true }
129 silly addNameRange versions [ 'timsgeocoder', [ '0.0.1', '0.0.2' ] ]
130 verbose addNamed [ 'timsgeocoder', '0.0.2' ]
131 verbose addNamed [ '0.0.2', '0.0.2' ]
132 silly lockFile 85246636-timsgeocoder-0-0-2 timsgeocoder@0.0.2
133 verbose lock timsgeocoder@0.0.2 /var/lib/openshift/51a9fda94382ec48b000011b/app-root/data/.npm/85246636-timsgeocoder-0-0-2.lock
134 verbose read json /var/lib/openshift/51a9fda94382ec48b000011b/app-root/data/.npm/timsgeocoder/0.0.2/package/package.json
135 silly lockFile 85246636-timsgeocoder-0-0-2 timsgeocoder@0.0.2
136 silly lockFile f7711ff2-timsgeocoder-0-0-1 timsgeocoder@~0.0.1
137 http 200 https://registry.npmjs.org/arcnearby
138 silly registry.get cb [ 200,
138 silly registry.get   { vary: 'Accept',
138 silly registry.get     server: 'CouchDB/1.3.0 (Erlang OTP/R15B03)',
138 silly registry.get     etag: '"5AII22ZF65A15V807U0GFONMJ"',
138 silly registry.get     date: 'Sat, 29 Jun 2013 20:44:54 GMT',
138 silly registry.get     'content-type': 'application/json',
138 silly registry.get     'content-length': '8916' } ]
139 http 200 https://registry.npmjs.org/node-promise
140 silly registry.get cb [ 200,
140 silly registry.get   { vary: 'Accept',
140 silly registry.get     server: 'CouchDB/1.3.0 (Erlang OTP/R15B03)',
140 silly registry.get     etag: '"54DTSVA5Y6OIU7IDFLEHGSIHD"',
140 silly registry.get     date: 'Sat, 29 Jun 2013 20:44:54 GMT',
140 silly registry.get     'content-type': 'application/json',
140 silly registry.get     'content-length': '27071' } ]
141 silly addNameRange number 2 { name: 'arcnearby', range: '>=0.0.4- <0.1.0-', hasData: true }
142 silly addNameRange versions [ 'arcnearby',
142 silly addNameRange   [ '0.0.1', '0.0.2', '0.0.3', '0.0.4', '0.0.5', '0.0.6', '0.0.7' ] ]
143 verbose addNamed [ 'arcnearby', '0.0.7' ]
144 verbose addNamed [ '0.0.7', '0.0.7' ]
145 silly lockFile ceea82a5-arcnearby-0-0-7 arcnearby@0.0.7
146 verbose lock arcnearby@0.0.7 /var/lib/openshift/51a9fda94382ec48b000011b/app-root/data/.npm/ceea82a5-arcnearby-0-0-7.lock
147 verbose read json /var/lib/openshift/51a9fda94382ec48b000011b/app-root/data/.npm/arcnearby/0.0.7/package/package.json
148 silly addNameRange number 2 { name: 'node-promise',
148 silly addNameRange   range: '>=0.5.6- <0.6.0-',
148 silly addNameRange   hasData: true }
149 silly addNameRange versions [ 'node-promise',
149 silly addNameRange   [ '0.5.1-unstable-2',
149 silly addNameRange     '0.5.1',
149 silly addNameRange     '0.5.2',
149 silly addNameRange     '0.5.3',
149 silly addNameRange     '0.5.4',
149 silly addNameRange     '0.5.5',
149 silly addNameRange     '0.5.6' ] ]
150 verbose addNamed [ 'node-promise', '0.5.6' ]
151 verbose addNamed [ '0.5.6', '0.5.6' ]
152 silly lockFile 61bdc702-node-promise-0-5-6 node-promise@0.5.6
153 verbose lock node-promise@0.5.6 /var/lib/openshift/51a9fda94382ec48b000011b/app-root/data/.npm/61bdc702-node-promise-0-5-6.lock
154 http 200 https://registry.npmjs.org/twilio
155 silly registry.get cb [ 200,
155 silly registry.get   { vary: 'Accept',
155 silly registry.get     server: 'CouchDB/1.3.0 (Erlang OTP/R15B03)',
155 silly registry.get     etag: '"8V9U1K7AS4LOM2NN4QNENPMYL"',
155 silly registry.get     date: 'Sat, 29 Jun 2013 20:44:54 GMT',
155 silly registry.get     'content-type': 'application/json',
155 silly registry.get     'content-length': '56350' } ]
156 verbose read json /var/lib/openshift/51a9fda94382ec48b000011b/app-root/data/.npm/node-promise/0.5.6/package/package.json
157 silly lockFile ceea82a5-arcnearby-0-0-7 arcnearby@0.0.7
158 silly lockFile ad42993f-arcnearby-0-0-4 arcnearby@~0.0.4
159 silly addNameRange number 2 { name: 'twilio', range: '>=1.1.3- <1.2.0-', hasData: true }
160 silly addNameRange versions [ 'twilio',
160 silly addNameRange   [ '0.0.0',
160 silly addNameRange     '0.0.1',
160 silly addNameRange     '0.0.3',
160 silly addNameRange     '0.0.4',
160 silly addNameRange     '0.2.0',
160 silly addNameRange     '0.3.0',
160 silly addNameRange     '0.4.0',
160 silly addNameRange     '0.3.3',
160 silly addNameRange     '0.4.1',
160 silly addNameRange     '0.5.0',
160 silly addNameRange     '0.6.0',
160 silly addNameRange     '0.6.1',
160 silly addNameRange     '0.6.2',
160 silly addNameRange     '0.7.0',
160 silly addNameRange     '0.7.1',
160 silly addNameRange     '0.8.0',
160 silly addNameRange     '0.8.1',
160 silly addNameRange     '1.0.0',
160 silly addNameRange     '1.0.1',
160 silly addNameRange     '1.1.0',
160 silly addNameRange     '1.1.1',
160 silly addNameRange     '1.1.2',
160 silly addNameRange     '1.1.3' ] ]
161 verbose addNamed [ 'twilio', '1.1.3' ]
162 verbose addNamed [ '1.1.3', '1.1.3' ]
163 silly lockFile f05e1145-twilio-1-1-3 twilio@1.1.3
164 verbose lock twilio@1.1.3 /var/lib/openshift/51a9fda94382ec48b000011b/app-root/data/.npm/f05e1145-twilio-1-1-3.lock
165 verbose read json /var/lib/openshift/51a9fda94382ec48b000011b/app-root/data/.npm/twilio/1.1.3/package/package.json
166 http 200 https://registry.npmjs.org/underscore
167 silly registry.get cb [ 200,
167 silly registry.get   { vary: 'Accept',
167 silly registry.get     server: 'CouchDB/1.3.0 (Erlang OTP/R15B03)',
167 silly registry.get     etag: '"9UOMB7OWSTCZTXTKJYTFCH2QH"',
167 silly registry.get     date: 'Sat, 29 Jun 2013 20:44:54 GMT',
167 silly registry.get     'content-type': 'application/json',
167 silly registry.get     'content-length': '36109' } ]
168 silly lockFile 61bdc702-node-promise-0-5-6 node-promise@0.5.6
169 silly lockFile 6896a269-node-promise-0-5-6 node-promise@~0.5.6
170 silly addNameRange number 2 { name: 'underscore', range: '>=1.4.4- <1.5.0-', hasData: true }
171 silly addNameRange versions [ 'underscore',
171 silly addNameRange   [ '1.0.3',
171 silly addNameRange     '1.0.4',
171 silly addNameRange     '1.1.0',
171 silly addNameRange     '1.1.1',
171 silly addNameRange     '1.1.2',
171 silly addNameRange     '1.1.3',
171 silly addNameRange     '1.1.4',
171 silly addNameRange     '1.1.5',
171 silly addNameRange     '1.1.6',
171 silly addNameRange     '1.1.7',
171 silly addNameRange     '1.2.0',
171 silly addNameRange     '1.2.1',
171 silly addNameRange     '1.2.2',
171 silly addNameRange     '1.2.3',
171 silly addNameRange     '1.2.4',
171 silly addNameRange     '1.3.0',
171 silly addNameRange     '1.3.1',
171 silly addNameRange     '1.3.2',
171 silly addNameRange     '1.3.3',
171 silly addNameRange     '1.4.0',
171 silly addNameRange     '1.4.1',
171 silly addNameRange     '1.4.2',
171 silly addNameRange     '1.4.3',
171 silly addNameRange     '1.4.4' ] ]
172 verbose addNamed [ 'underscore', '1.4.4' ]
173 verbose addNamed [ '1.4.4', '1.4.4' ]
174 silly lockFile c6b5e825-underscore-1-4-4 underscore@1.4.4
175 verbose lock underscore@1.4.4 /var/lib/openshift/51a9fda94382ec48b000011b/app-root/data/.npm/c6b5e825-underscore-1-4-4.lock
176 silly lockFile f05e1145-twilio-1-1-3 twilio@1.1.3
177 verbose read json /var/lib/openshift/51a9fda94382ec48b000011b/app-root/data/.npm/underscore/1.4.4/package/package.json
178 silly lockFile 76bacacd-twilio-1-1-3 twilio@~1.1.3
179 silly lockFile c6b5e825-underscore-1-4-4 underscore@1.4.4
180 silly lockFile 286a8917-underscore-1-4-4 underscore@~1.4.4
181 http 200 https://registry.npmjs.org/request
182 silly registry.get cb [ 200,
182 silly registry.get   { vary: 'Accept',
182 silly registry.get     server: 'CouchDB/1.3.0 (Erlang OTP/R15B03)',
182 silly registry.get     etag: '"EIGXBEVDZM5636OVAXQBGMENT"',
182 silly registry.get     date: 'Sat, 29 Jun 2013 20:44:54 GMT',
182 silly registry.get     'content-type': 'application/json',
182 silly registry.get     'content-length': '331323' } ]
183 http 200 https://registry.npmjs.org/express
184 silly registry.get cb [ 200,
184 silly registry.get   { vary: 'Accept',
184 silly registry.get     server: 'CouchDB/1.3.0 (Erlang OTP/R15B03)',
184 silly registry.get     etag: '"DD1LOYCWS0C5L37B2RW027WGT"',
184 silly registry.get     date: 'Sat, 29 Jun 2013 20:44:54 GMT',
184 silly registry.get     'content-type': 'application/json',
184 silly registry.get     'content-length': '369378' } ]
185 silly addNameRange number 2 { name: 'request', range: '>=2.21.0- <2.22.0-', hasData: true }
186 silly addNameRange versions [ 'request',
186 silly addNameRange   [ '0.10.0',
186 silly addNameRange     '0.8.3',
186 silly addNameRange     '0.9.0',
186 silly addNameRange     '0.9.1',
186 silly addNameRange     '0.9.5',
186 silly addNameRange     '1.0.0',
186 silly addNameRange     '1.1.0',
186 silly addNameRange     '1.1.1',
186 silly addNameRange     '1.2.0',
186 silly addNameRange     '1.9.0',
186 silly addNameRange     '1.9.1',
186 silly addNameRange     '1.9.2',
186 silly addNameRange     '1.9.3',
186 silly addNameRange     '1.9.5',
186 silly addNameRange     '1.9.7',
186 silly addNameRange     '1.9.8',
186 silly addNameRange     '1.9.9',
186 silly addNameRange     '2.0.0',
186 silly addNameRange     '2.0.1',
186 silly addNameRange     '2.0.2',
186 silly addNameRange     '2.0.3',
186 silly addNameRange     '2.0.4',
186 silly addNameRange     '2.0.5',
186 silly addNameRange     '2.1.0',
186 silly addNameRange     '2.1.1',
186 silly addNameRange     '2.2.0',
186 silly addNameRange     '2.2.5',
186 silly addNameRange     '2.2.6',
186 silly addNameRange     '2.2.9',
186 silly addNameRange     '2.9.0',
186 silly addNameRange     '2.9.1',
186 silly addNameRange     '2.9.2',
186 silly addNameRange     '2.9.3',
186 silly addNameRange     '2.9.100',
186 silly addNameRange     '2.9.150',
186 silly addNameRange     '2.9.151',
186 silly addNameRange     '2.9.152',
186 silly addNameRange     '2.9.153',
186 silly addNameRange     '2.9.200',
186 silly addNameRange     '2.9.201',
186 silly addNameRange     '2.9.202',
186 silly addNameRange     '2.9.203',
186 silly addNameRange     '2.10.0',
186 silly addNameRange     '2.11.0',
186 silly addNameRange     '2.11.1',
186 silly addNameRange     '2.11.2',
186 silly addNameRange     '2.11.3',
186 silly addNameRange     '2.11.4',
186 silly addNameRange     '2.12.0',
186 silly addNameRange     '2.14.0',
186 silly addNameRange     '2.16.0',
186 silly addNameRange     '2.16.2',
186 silly addNameRange     '2.16.4',
186 silly addNameRange     '2.16.6',
186 silly addNameRange     '2.18.0',
186 silly addNameRange     '2.19.0',
186 silly addNameRange     '2.20.0',
186 silly addNameRange     '2.21.0' ] ]
187 verbose addNamed [ 'request', '2.21.0' ]
188 verbose addNamed [ '2.21.0', '2.21.0' ]
189 silly lockFile 6272c9d7-request-2-21-0 request@2.21.0
190 verbose lock request@2.21.0 /var/lib/openshift/51a9fda94382ec48b000011b/app-root/data/.npm/6272c9d7-request-2-21-0.lock
191 verbose read json /var/lib/openshift/51a9fda94382ec48b000011b/app-root/data/.npm/request/2.21.0/package/package.json
192 silly addNameRange number 2 { name: 'express', range: '>=3.2.6- <3.3.0-', hasData: true }
193 silly addNameRange versions [ 'express',
193 silly addNameRange   [ '0.14.0',
193 silly addNameRange     '0.14.1',
193 silly addNameRange     '1.0.0beta',
193 silly addNameRange     '1.0.0beta2',
193 silly addNameRange     '1.0.0rc',
193 silly addNameRange     '1.0.0rc2',
193 silly addNameRange     '1.0.0rc3',
193 silly addNameRange     '1.0.0rc4',
193 silly addNameRange     '1.0.0',
193 silly addNameRange     '1.0.1',
193 silly addNameRange     '1.0.2',
193 silly addNameRange     '1.0.3',
193 silly addNameRange     '1.0.4',
193 silly addNameRange     '1.0.5',
193 silly addNameRange     '1.0.6',
193 silly addNameRange     '1.0.7',
193 silly addNameRange     '2.0.0beta',
193 silly addNameRange     '1.0.8',
193 silly addNameRange     '2.0.0beta2',
193 silly addNameRange     '2.0.0beta3',
193 silly addNameRange     '2.0.0rc',
193 silly addNameRange     '2.0.0rc2',
193 silly addNameRange     '2.0.0rc3',
193 silly addNameRange     '2.0.0',
193 silly addNameRange     '2.1.0',
193 silly addNameRange     '2.1.1',
193 silly addNameRange     '2.2.0',
193 silly addNameRange     '2.2.1',
193 silly addNameRange     '2.2.2',
193 silly addNameRange     '2.3.0',
193 silly addNameRange     '2.3.1',
193 silly addNameRange     '2.3.2',
193 silly addNameRange     '2.3.3',
193 silly addNameRange     '2.3.4',
193 silly addNameRange     '2.3.5',
193 silly addNameRange     '2.3.6',
193 silly addNameRange     '2.3.7',
193 silly addNameRange     '2.3.8',
193 silly addNameRange     '2.3.9',
193 silly addNameRange     '2.3.10',
193 silly addNameRange     '2.3.11',
193 silly addNameRange     '2.3.12',
193 silly addNameRange     '2.4.0',
193 silly addNameRange     '2.4.1',
193 silly addNameRange     '2.4.2',
193 silly addNameRange     '2.4.3',
193 silly addNameRange     '2.4.4',
193 silly addNameRange     '2.4.5',
193 silly addNameRange     '2.4.6',
193 silly addNameRange     '2.4.7',
193 silly addNameRange     '2.5.0',
193 silly addNameRange     '2.5.1',
193 silly addNameRange     '2.5.2',
193 silly addNameRange     '2.5.3',
193 silly addNameRange     '2.5.4',
193 silly addNameRange     '2.5.5',
193 silly addNameRange     '2.5.6',
193 silly addNameRange     '2.5.7',
193 silly addNameRange     '2.5.8',
193 silly addNameRange     '2.5.9',
193 silly addNameRange     '3.0.0alpha1',
193 silly addNameRange     '3.0.0alpha2',
193 silly addNameRange     '3.0.0alpha3',
193 silly addNameRange     '3.0.0alpha4',
193 silly addNameRange     '3.0.0alpha5',
193 silly addNameRange     '3.0.0beta1',
193 silly addNameRange     '3.0.0beta2',
193 silly addNameRange     '3.0.0beta3',
193 silly addNameRange     '2.5.10',
193 silly addNameRange     '3.0.0beta4',
193 silly addNameRange     '2.5.11',
193 silly addNameRange     '3.0.0beta6',
193 silly addNameRange     '3.0.0beta7',
193 silly addNameRange     '3.0.0rc1',
193 silly addNameRange     '3.0.0rc2',
193 silly addNameRange     '3.0.0rc3',
193 silly addNameRange     '3.0.0rc4',
193 silly addNameRange     '3.0.0rc5',
193 silly addNameRange     '3.0.0',
193 silly addNameRange     '3.0.1',
193 silly addNameRange     '3.0.2',
193 silly addNameRange     '3.0.3',
193 silly addNameRange     '3.0.4',
193 silly addNameRange     '3.0.5',
193 silly addNameRange     '3.0.6',
193 silly addNameRange     '3.1.0',
193 silly addNameRange     '3.1.1',
193 silly addNameRange     '3.1.2',
193 silly addNameRange     '3.2.0',
193 silly addNameRange     '3.2.1',
193 silly addNameRange     '3.2.2',
193 silly addNameRange     '3.2.3',
193 silly addNameRange     '3.2.4',
193 silly addNameRange     '3.2.5',
193 silly addNameRange     '3.2.6',
193 silly addNameRange     '3.3.0',
193 silly addNameRange     '3.3.1' ] ]
194 verbose addNamed [ 'express', '3.2.6' ]
195 verbose addNamed [ '3.2.6', '3.2.6' ]
196 silly lockFile fdae4232-express-3-2-6 express@3.2.6
197 verbose lock express@3.2.6 /var/lib/openshift/51a9fda94382ec48b000011b/app-root/data/.npm/fdae4232-express-3-2-6.lock
198 verbose read json /var/lib/openshift/51a9fda94382ec48b000011b/app-root/data/.npm/express/3.2.6/package/package.json
199 silly lockFile 6272c9d7-request-2-21-0 request@2.21.0
200 silly lockFile 9c0c2c37-request-2-21-0 request@~2.21.0
201 silly lockFile fdae4232-express-3-2-6 express@3.2.6
202 silly lockFile 0b14f64a-express-3-2-6 express@~3.2.6
203 silly resolved [ { name: 'timsgeocoder',
203 silly resolved     version: '0.0.2',
203 silly resolved     description: 'Another modular geocoder',
203 silly resolved     main: 'timsgeocoder.js',
203 silly resolved     scripts: { test: 'echo "Error: no test specified" && exit 1' },
203 silly resolved     repository: '',
203 silly resolved     author: { name: 'Tim Wisniewski' },
203 silly resolved     license: 'MIT',
203 silly resolved     readme: 'timsgeocoder\n============\nAnother modular geocoder',
203 silly resolved     _id: 'timsgeocoder@0.0.2',
203 silly resolved     _from: 'timsgeocoder@~0.0.1' },
203 silly resolved   { name: 'arcnearby',
203 silly resolved     description: 'Generate bounding box around center point and search ArcGIS REST service for features within it, sorted by distance',
203 silly resolved     version: '0.0.7',
203 silly resolved     homepage: 'https://github.com/timwis/arcnearby',
203 silly resolved     author: { name: 'Tim Wisniewski, Sarah Cordivano' },
203 silly resolved     main: 'arcnearby',
203 silly resolved     repository: { type: 'git', url: 'git@github.com:timwis/arcnearby.git' },
203 silly resolved     dependencies: { underscore: '*', request: '*', 'node-promise': '*' },
203 silly resolved     devDependencies: {},
203 silly resolved     keywords: [ 'ArcGIS' ],
203 silly resolved     license: 'MIT',
203 silly resolved     readme: 'ArcNearby\n=========\nGenerates a bounding box around a center point, queries an ArcGIS REST service to get the features within it, and sorts the results by distance from the center point',
203 silly resolved     _id: 'arcnearby@0.0.7',
203 silly resolved     _from: 'arcnearby@~0.0.4' },
203 silly resolved   { name: 'node-promise',
203 silly resolved     description: 'Kris Zyp\'s implementation of promises with added features, maintained as an npm package.',
203 silly resolved     version: '0.5.6',
203 silly resolved     homepage: 'https://github.com/MaxMotovilov/node-promise',
203 silly resolved     files: [ 'package.json', 'promise.js', 'fs-promise.js' ],
203 silly resolved     main: 'promise.js',
203 silly resolved     repository:
203 silly resolved      { type: 'git',
203 silly resolved        url: 'https://MaxMotovilov@github.com/MaxMotovilov/node-promise.git' },
203 silly resolved     readme: 'MIT License.\n\nThe node-promise project provides a complete promise implementation. Promises provide a clean separation\nof concerns between asynchronous behavior and the interface so asynchronous\nfunctions can be called without callbacks, and callback interaction can be \ndone on the generic promise interface. The node-promise package provides just a promise implementation, however, https://github.com/kriszyp/promised-io is recommended for more complete promise-based IO functionality. The promised-io includes the promise implementation from node-promise, as well as wrappers around Node\'s filesystem and other system I/O APIs for consistent promise-based interaction.\n\nThe node-promise module features a promise implementation with:\n\n* Chainable promises\n* Promises throw errors if an error handler is not provided\n* CommonJS promise proposal [1] compliant\n* Immutable once fulfilled to reduce possible side-effects\n* Promises can be used securely (as separate resolver/promise pairs in\nocap situations)\n* Backwards compatibility where possible (addCallback, addErrback,\nemitSuccess, and emitError should still behave as expected)\n\nUtility functions, including:\n\n* when() - Normalization of sync (normal values) and async (promises)\n* all() - Create a promise that accumulate multiple concurrent promises (failed promises resolve to Error objects)\n* allOrNone() - Ditto, but the first promise to fail causes the composition to fail as well\n* first() - Find the first promise to be fulfilled in a group of promises\n* seq() - Sequentially execute a set of promise returning functions\n* delay() - Returns a promise that is fulfilled after a given amount of time\n* execute() - Executes a function that takes a callback and returns a\npromise (thank you Benjamin Thomas for providing this)\n\nMuch of this is adapted from Tyler Close\'s ref_send and Kris Kowal\'s work on promises. \n\nSome quick examples from test-promise.js (again, it is recommended that you use http://github.com/kriszyp/promised-io for file and other I/O interaction):\n    util = require(\'util\');\n    var fs = require(\'./fs-promise\');\n\n    // open a file and read it\n    fs.open("fs-promise.js", process.O_RDONLY).then(function(fd){\n      return fs.read(fd, 4096);\n    }).then(function(args){\n      util.puts(args[0]); // print the contents of the file\n    });\n\n    // does the same thing\n    fs.readFile("fs-promise.js").addCallback(util.puts);\n\nA default Promise constructor can be used to create a self-resolving deferred/promise:\n\n    var Promise = require("promise").Promise;\n    var promise = new Promise();\n    asyncOperation(function(){\n      Promise.resolve("succesful result");\n    });\n    promise -> given to the consumer\n \nA consumer can use the promise:\n\n    promise.then(function(result){\n       ... when the action is complete this is executed ...\n    },\n    function(error){\n        ... executed when the promise fails\n    });\n\nAlternately, a provider can create a deferred and resolve it when it completes an action. \nThe deferred object a promise object that provides a separation of consumer and producer to protect\npromises from being fulfilled by untrusted code.\n\n    var defer = require("promise").defer;\n    var deferred = defer();\n    asyncOperation(function(){\n      deferred.resolve("succesful result");\n    });\n    deferred.promise -> given to the consumer\n \nAnother way that a consumer can use promises:\n\n    var when = require("promise").when;\n    when(promise,function(result){\n       ... when the action is complete this is executed ...\n    },\n    function(error){\n       ... executed when the promise fails\n    });\n\nMore examples:\n\n    function printFirstAndList(itemsDeferred){\n      findFirst(itemsDeferred).then(util.puts);\n      findLast(itemsDeferred).then(util.puts);\n    }\n    function findFirst(itemsDeferred){\n      return itemsDeferred.then(function(items){\n        return items[0];\n      });\n    }\n    function findLast(itemsDeferred){\n      return itemsDeferred.then(function(items){\n        return items[items.length];\n      });\n    }\n\nAnd now you can do:\n\n    printFirstAndLast(someAsyncFunction());\n\n\nThe workhorse function of this library is the "when" function, which provides a means for normalizing interaction with values and functions that may be a normal synchronous value, or may be a promise (asynchronously fulfilled). The when() function takes a value that may be a promise or a normal value for the first function, and when the value is ready executes the function provided as the second argument (immediately in the case of a non-promise normal value). The value returned from when() is the result of the execution of the provided function, and returns a promise if provided a promise or synchronously returns a normal value if provided a non-promise value. This makes it easy to "chain" computations together. This allows us to write code that is agnostic to sync/async interfaces:\n\n    var when = require("promise").when;\n    function printFirstAndLast(items){\n      // print the first and last item\n      when(findFirst(items), util.puts);\n      when(findLast(items), util.puts);\n    }\n    function findFirst(items){\n       // return the first item\n       return when(items, function(items){\n         return items[0];\n       });\n    }\n    function findLast(items){\n       // return the last item\n       return when(items, function(items){\n         return items[items.length - 1];\n       });\n    }\n\nNow we can do:\n\n    > printFirstAndLast([1,2,3,4,5]);\n    1\n    5\n\nAnd we can also provide asynchronous promise:\n\n    var promise = new process.Promise();\n    > printFirstAndLast(promise);\n\n(nothing printed yet)\n\n    > promise.emitSuccess([2,4,6,8,10]);\n    2\n    10\n\n\nThe "all" function is intended to provide a means for waiting for the completion of an array of promises. The "all" function should be passed an array of promises, and it returns an promise that is fulfilled once all the promises in the array are fulfilled. The returned promise\'s resolved value will be an array with the resolved values of all of the promises in the passed in array.\n\nThe "first" function is intended to provide a means for waiting for the completion of the first promise in an array of promises to be fulfilled. The "first" function should be passed an array of promises, and it returns an promise that is fulfilled once the first promise in the array is fulfilled. The returned promise\'s resolved value will be the resolved value of the first fulfilled promise.\n\n',
203 silly resolved     _id: 'node-promise@0.5.6',
203 silly resolved     _from: 'node-promise@~0.5.6' },
203 silly resolved   { name: 'twilio',
203 silly resolved     description: 'A Twilio helper library',
203 silly resolved     version: '1.1.3',
203 silly resolved     author: { name: 'Kevin Whinnery', email: 'kevin.whinnery@gmail.com' },
203 silly resolved     contributors: [ [Object], [Object] ],
203 silly resolved     repository:
203 silly resolved      { type: 'git',
203 silly resolved        url: 'https://github.com/twilio/twilio-node.git' },
203 silly resolved     dependencies: { request: '2.x', underscore: '1.x', 'jwt-simple': '0.1.x' },
203 silly resolved     devDependencies: { express: '2.x', connect: '2.x', ejs: '0.8.x' },
203 silly resolved     scripts: { test: 'jasmine-node spec' },
203 silly resolved     main: './lib',
203 silly resolved     engines: { node: '>=0.6.0' },
203 silly resolved     readme: '# twilio-node\n\nA node.js Twilio helper library.  For usage infomation and API docs, head out here:\n\n[http://twilio.github.com/twilio-node/](http://twilio.github.com/twilio-node/)\n',
203 silly resolved     _id: 'twilio@1.1.3',
203 silly resolved     _from: 'twilio@~1.1.3' },
203 silly resolved   { name: 'underscore',
203 silly resolved     description: 'JavaScript\'s functional programming helper library.',
203 silly resolved     homepage: 'http://underscorejs.org',
203 silly resolved     keywords: [ 'util', 'functional', 'server', 'client', 'browser' ],
203 silly resolved     author: { name: 'Jeremy Ashkenas', email: 'jeremy@documentcloud.org' },
203 silly resolved     repository:
203 silly resolved      { type: 'git',
203 silly resolved        url: 'git://github.com/documentcloud/underscore.git' },
203 silly resolved     main: 'underscore.js',
203 silly resolved     version: '1.4.4',
203 silly resolved     devDependencies: { phantomjs: '0.2.2' },
203 silly resolved     scripts: { test: 'phantomjs test/vendor/runner.js test/index.html?noglobals=true' },
203 silly resolved     readme: '                       __\n                      /\\ \\                                                         __\n     __  __    ___    \\_\\ \\     __   _ __   ____    ___    ___   _ __    __       /\\_\\    ____\n    /\\ \\/\\ \\ /\' _ `\\  /\'_  \\  /\'__`\\/\\  __\\/ ,__\\  / ___\\ / __`\\/\\  __\\/\'__`\\     \\/\\ \\  /\',__\\\n    \\ \\ \\_\\ \\/\\ \\/\\ \\/\\ \\ \\ \\/\\  __/\\ \\ \\//\\__, `\\/\\ \\__//\\ \\ \\ \\ \\ \\//\\  __/  __  \\ \\ \\/\\__, `\\\n     \\ \\____/\\ \\_\\ \\_\\ \\___,_\\ \\____\\\\ \\_\\\\/\\____/\\ \\____\\ \\____/\\ \\_\\\\ \\____\\/\\_\\ _\\ \\ \\/\\____/\n      \\/___/  \\/_/\\/_/\\/__,_ /\\/____/ \\/_/ \\/___/  \\/____/\\/___/  \\/_/ \\/____/\\/_//\\ \\_\\ \\/___/\n                                                                                  \\ \\____/\n                                                                                   \\/___/\n\nUnderscore.js is a utility-belt library for JavaScript that provides\nsupport for the usual functional suspects (each, map, reduce, filter...)\nwithout extending any core JavaScript objects.\n\nFor Docs, License, Tests, and pre-packed downloads, see:\nhttp://underscorejs.org\n\nMany thanks to our contributors:\nhttps://github.com/documentcloud/underscore/contributors\n',
203 silly resolved     _id: 'underscore@1.4.4',
203 silly resolved     _from: 'underscore@~1.4.4' },
203 silly resolved   { name: 'request',
203 silly resolved     description: 'Simplified HTTP request client.',
203 silly resolved     tags: [ 'http', 'simple', 'util', 'utility' ],
203 silly resolved     version: '2.21.0',
203 silly resolved     author: { name: 'Mikeal Rogers', email: 'mikeal.rogers@gmail.com' },
203 silly resolved     repository: { type: 'git', url: 'http://github.com/mikeal/request.git' },
203 silly resolved     bugs: { url: 'http://github.com/mikeal/request/issues' },
203 silly resolved     engines: [ 'node >= 0.8.0' ],
203 silly resolved     main: 'index.js',
203 silly resolved     dependencies:
203 silly resolved      { qs: '~0.6.0',
203 silly resolved        'json-stringify-safe': '~4.0.0',
203 silly resolved        'forever-agent': '~0.5.0',
203 silly resolved        'tunnel-agent': '~0.3.0',
203 silly resolved        'http-signature': '~0.9.11',
203 silly resolved        hawk: '~0.13.0',
203 silly resolved        'aws-sign': '~0.3.0',
203 silly resolved        'oauth-sign': '~0.3.0',
203 silly resolved        'cookie-jar': '~0.3.0',
203 silly resolved        'node-uuid': '~1.4.0',
203 silly resolved        mime: '~1.2.9',
203 silly resolved        'form-data': '0.0.8' },
203 silly resolved     scripts: { test: 'node tests/run.js' },
203 silly resolved     readme: '# Request -- Simplified HTTP request method\n\n## Install\n\n<pre>\n  npm install request\n</pre>\n\nOr from source:\n\n<pre>\n  git clone git://github.com/mikeal/request.git \n  cd request\n  npm link\n</pre>\n\n## Super simple to use\n\nRequest is designed to be the simplest way possible to make http calls. It supports HTTPS and follows redirects by default.\n\n```javascript\nvar request = require(\'request\');\nrequest(\'http://www.google.com\', function (error, response, body) {\n  if (!error && response.statusCode == 200) {\n    console.log(body) // Print the google web page.\n  }\n})\n```\n\n## Streaming\n\nYou can stream any response to a file stream.\n\n```javascript\nrequest(\'http://google.com/doodle.png\').pipe(fs.createWriteStream(\'doodle.png\'))\n```\n\nYou can also stream a file to a PUT or POST request. This method will also check the file extension against a mapping of file extensions to content-types, in this case `application/json`, and use the proper content-type in the PUT request if one is not already provided in the headers.\n\n```javascript\nfs.createReadStream(\'file.json\').pipe(request.put(\'http://mysite.com/obj.json\'))\n```\n\nRequest can also pipe to itself. When doing so the content-type and content-length will be preserved in the PUT headers.\n\n```javascript\nrequest.get(\'http://google.com/img.png\').pipe(request.put(\'http://mysite.com/img.png\'))\n```\n\nNow let\'s get fancy.\n\n```javascript\nhttp.createServer(function (req, resp) {\n  if (req.url === \'/doodle.png\') {\n    if (req.method === \'PUT\') {\n      req.pipe(request.put(\'http://mysite.com/doodle.png\'))\n    } else if (req.method === \'GET\' || req.method === \'HEAD\') {\n      request.get(\'http://mysite.com/doodle.png\').pipe(resp)\n    } \n  }\n})\n```\n\nYou can also pipe() from a http.ServerRequest instance and to a http.ServerResponse instance. The HTTP method and headers will be sent as well as the entity-body data. Which means that, if you don\'t really care about security, you can do:\n\n```javascript\nhttp.createServer(function (req, resp) {\n  if (req.url === \'/doodle.png\') {\n    var x = request(\'http://mysite.com/doodle.png\')\n    req.pipe(x)\n    x.pipe(resp)\n  }\n})\n```\n\nAnd since pipe() returns the destination stream in node 0.5.x you can do one line proxying :)\n\n```javascript\nreq.pipe(request(\'http://mysite.com/doodle.png\')).pipe(resp)\n```\n\nAlso, none of this new functionality conflicts with requests previous features, it just expands them.\n\n```javascript\nvar r = request.defaults({\'proxy\':\'http://localproxy.com\'})\n\nhttp.createServer(function (req, resp) {\n  if (req.url === \'/doodle.png\') {\n    r.get(\'http://google.com/doodle.png\').pipe(resp)\n  }\n})\n```\nYou can still use intermediate proxies, the requests will still follow HTTP forwards, etc.\n\n## Forms\n\n`request` supports `application/x-www-form-urlencoded` and `multipart/form-data` form uploads. For `multipart/related` refer to the `multipart` API.\n\nUrl encoded forms are simple\n\n```javascript\nrequest.post(\'http://service.com/upload\', {form:{key:\'value\'}})\n// or\nrequest.post(\'http://service.com/upload\').form({key:\'value\'})\n```\n\nFor `multipart/form-data` we use the [form-data](https://github.com/felixge/node-form-data) library by [@felixge](https://github.com/felixge). You don\'t need to worry about piping the form object or setting the headers, `request` will handle that for you.\n\n```javascript\nvar r = request.post(\'http://service.com/upload\')\nvar form = r.form()\nform.append(\'my_field\', \'my_value\')\nform.append(\'my_buffer\', new Buffer([1, 2, 3]))\nform.append(\'my_file\', fs.createReadStream(path.join(__dirname, \'doodle.png\'))\nform.append(\'remote_file\', request(\'http://google.com/doodle.png\'))\n```\n\n## HTTP Authentication\n\n```javascript\nrequest.auth(\'username\', \'password\', false).get(\'http://some.server.com/\');\n// or\nrequest.get(\'http://some.server.com/\', {\n  \'auth\': {\n    \'user\': \'username\',\n    \'pass\': \'password\',\n    \'sendImmediately\': false\n  }\n});\n```\n\nIf passed as an option, `auth` should be a hash containing values `user` || `username`, `password` || `pass`, and `sendImmediately` (optional).  The method form takes parameters `auth(username, password, sendImmediately)`.\n\n`sendImmediately` defaults to true, which will cause a basic authentication header to be sent.  If `sendImmediately` is `false`, then `request` will retry with a proper authentication header after receiving a 401 response from the server (which must contain a `WWW-Authenticate` header indicating the required authentication method).\n\nDigest authentication is supported, but it only works with `sendImmediately` set to `false` (otherwise `request` will send basic authentication on the initial request, which will probably cause the request to fail).\n\n## OAuth Signing\n\n```javascript\n// Twitter OAuth\nvar qs = require(\'querystring\')\n  , oauth =\n    { callback: \'http://mysite.com/callback/\'\n    , consumer_key: CONSUMER_KEY\n    , consumer_secret: CONSUMER_SECRET\n    }\n  , url = \'https://api.twitter.com/oauth/request_token\'\n  ;\nrequest.post({url:url, oauth:oauth}, function (e, r, body) {\n  // Ideally, you would take the body in the response\n  // and construct a URL that a user clicks on (like a sign in button).\n  // The verifier is only available in the response after a user has \n  // verified with twitter that they are authorizing your app.\n  var access_token = qs.parse(body)\n    , oauth = \n      { consumer_key: CONSUMER_KEY\n      , consumer_secret: CONSUMER_SECRET\n      , token: access_token.oauth_token\n      , verifier: access_token.oauth_verifier\n      }\n    , url = \'https://api.twitter.com/oauth/access_token\'\n    ;\n  request.post({url:url, oauth:oauth}, function (e, r, body) {\n    var perm_token = qs.parse(body)\n      , oauth = \n        { consumer_key: CONSUMER_KEY\n        , consumer_secret: CONSUMER_SECRET\n        , token: perm_token.oauth_token\n        , token_secret: perm_token.oauth_token_secret\n        }\n      , url = \'https://api.twitter.com/1/users/show.json?\'\n      , params = \n        { screen_name: perm_token.screen_name\n        , user_id: perm_token.user_id\n        }\n      ;\n    url += qs.stringify(params)\n    request.get({url:url, oauth:oauth, json:true}, function (e, r, user) {\n      console.log(user)\n    })\n  })\n})\n```\n\n\n\n### request(options, callback)\n\nThe first argument can be either a url or an options object. The only required option is uri, all others are optional.\n\n* `uri` || `url` - fully qualified uri or a parsed url object from url.parse()\n* `qs` - object containing querystring values to be appended to the uri\n* `method` - http method, defaults to GET\n* `headers` - http headers, defaults to {}\n* `body` - entity body for PATCH, POST and PUT requests. Must be buffer or string.\n* `form` - when passed an object this will set `body` but to a querystring representation of value and adds `Content-type: application/x-www-form-urlencoded; charset=utf-8` header. When passed no option a FormData instance is returned that will be piped to request.\n* `auth` - A hash containing values `user` || `username`, `password` || `pass`, and `sendImmediately` (optional).  See documentation above.\n* `json` - sets `body` but to JSON representation of value and adds `Content-type: application/json` header.  Additionally, parses the response body as json.\n* `multipart` - (experimental) array of objects which contains their own headers and `body` attribute. Sends `multipart/related` request. See example below.\n* `followRedirect` - follow HTTP 3xx responses as redirects. defaults to true.\n* `followAllRedirects` - follow non-GET HTTP 3xx responses as redirects. defaults to false.\n* `maxRedirects` - the maximum number of redirects to follow, defaults to 10.\n* `encoding` - Encoding to be used on `setEncoding` of response data. If set to `null`, the body is returned as a Buffer.\n* `pool` - A hash object containing the agents for these requests. If omitted this request will use the global pool which is set to node\'s default maxSockets.\n* `pool.maxSockets` - Integer containing the maximum amount of sockets in the pool.\n* `timeout` - Integer containing the number of milliseconds to wait for a request to respond before aborting the request\t\n* `proxy` - An HTTP proxy to be used. Support proxy Auth with Basic Auth the same way it\'s supported with the `url` parameter by embedding the auth info in the uri.\n* `oauth` - Options for OAuth HMAC-SHA1 signing, see documentation above.\n* `hawk` - Options for [Hawk signing](https://github.com/hueniverse/hawk). The `credentials` key must contain the necessary signing info, [see hawk docs for details](https://github.com/hueniverse/hawk#usage-example).\n* `strictSSL` - Set to `true` to require that SSL certificates be valid. Note: to use your own certificate authority, you need to specify an agent that was created with that ca as an option.\n* `jar` - Set to `false` if you don\'t want cookies to be remembered for future use or define your custom cookie jar (see examples section)\n* `aws` - object containing aws signing information, should have the properties `key` and `secret` as well as `bucket` unless you\'re specifying your bucket as part of the path, or you are making a request that doesn\'t use a bucket (i.e. GET Services)\n* `httpSignature` - Options for the [HTTP Signature Scheme](https://github.com/joyent/node-http-signature/blob/master/http_signing.md) using [Joyent\'s library](https://github.com/joyent/node-http-signature). The `keyId` and `key` properties must be specified. See the docs for other options.\n* `localAddress` - Local interface to bind for network connections.\n\n\nThe callback argument gets 3 arguments. The first is an error when applicable (usually from the http.Client option not the http.ClientRequest object). The second in an http.ClientResponse object. The third is the response body String or Buffer.\n\n## Convenience methods\n\nThere are also shorthand methods for different HTTP METHODs and some other conveniences.\n\n### request.defaults(options)  \n  \nThis method returns a wrapper around the normal request API that defaults to whatever options you pass in to it.\n\n### request.put\n\nSame as request() but defaults to `method: "PUT"`.\n\n```javascript\nrequest.put(url)\n```\n\n### request.patch\n\nSame as request() but defaults to `method: "PATCH"`.\n\n```javascript\nrequest.patch(url)\n```\n\n### request.post\n\nSame as request() but defaults to `method: "POST"`.\n\n```javascript\nrequest.post(url)\n```\n\n### request.head\n\nSame as request() but defaults to `method: "HEAD"`.\n\n```javascript\nrequest.head(url)\n```\n\n### request.del\n\nSame as request() but defaults to `method: "DELETE"`.\n\n```javascript\nrequest.del(url)\n```\n\n### request.get\n\nAlias to normal request method for uniformity.\n\n```javascript\nrequest.get(url)\n```\n### request.cookie\n\nFunction that creates a new cookie.\n\n```javascript\nrequest.cookie(\'cookie_string_here\')\n```\n### request.jar\n\nFunction that creates a new cookie jar.\n\n```javascript\nrequest.jar()\n```\n\n\n## Examples:\n\n```javascript\n  var request = require(\'request\')\n    , rand = Math.floor(Math.random()*100000000).toString()\n    ;\n  request(\n    { method: \'PUT\'\n    , uri: \'http://mikeal.iriscouch.com/testjs/\' + rand\n    , multipart: \n      [ { \'content-type\': \'application/json\'\n        ,  body: JSON.stringify({foo: \'bar\', _attachments: {\'message.txt\': {follows: true, length: 18, \'content_type\': \'text/plain\' }}})\n        }\n      , { body: \'I am an attachment\' }\n      ] \n    }\n  , function (error, response, body) {\n      if(response.statusCode == 201){\n        console.log(\'document saved as: http://mikeal.iriscouch.com/testjs/\'+ rand)\n      } else {\n        console.log(\'error: \'+ response.statusCode)\n        console.log(body)\n      }\n    }\n  )\n```\nCookies are enabled by default (so they can be used in subsequent requests). To disable cookies set jar to false (either in defaults or in the options sent).\n\n```javascript\nvar request = request.defaults({jar: false})\nrequest(\'http://www.google.com\', function () {\n  request(\'http://images.google.com\')\n})\n```\n\nIf you to use a custom cookie jar (instead of letting request use its own global cookie jar) you do so by setting the jar default or by specifying it as an option:\n\n```javascript\nvar j = request.jar()\nvar request = request.defaults({jar:j})\nrequest(\'http://www.google.com\', function () {\n  request(\'http://images.google.com\')\n})\n```\nOR\n\n```javascript\nvar j = request.jar()\nvar cookie = request.cookie(\'your_cookie_here\')\nj.add(cookie)\nrequest({url: \'http://www.google.com\', jar: j}, function () {\n  request(\'http://images.google.com\')\n})\n```\n',
203 silly resolved     _id: 'request@2.21.0',
203 silly resolved     _from: 'request@~2.21.0' },
203 silly resolved   { name: 'express',
203 silly resolved     description: 'Sinatra inspired web development framework',
203 silly resolved     version: '3.2.6',
203 silly resolved     author: { name: 'TJ Holowaychuk', email: 'tj@vision-media.ca' },
203 silly resolved     contributors: [ [Object], [Object], [Object], [Object] ],
203 silly resolved     dependencies:
203 silly resolved      { connect: '2.7.11',
203 silly resolved        commander: '0.6.1',
203 silly resolved        'range-parser': '0.0.4',
203 silly resolved        mkdirp: '0.3.4',
203 silly resolved        cookie: '0.1.0',
203 silly resolved        'buffer-crc32': '0.2.1',
203 silly resolved        fresh: '0.1.0',
203 silly resolved        methods: '0.0.1',
203 silly resolved        send: '0.1.0',
203 silly resolved        'cookie-signature': '1.0.1',
203 silly resolved        debug: '*' },
203 silly resolved     devDependencies:
203 silly resolved      { ejs: '*',
203 silly resolved        mocha: '*',
203 silly resolved        jade: '*',
203 silly resolved        hjs: '*',
203 silly resolved        stylus: '*',
203 silly resolved        should: '*',
203 silly resolved        'connect-redis': '*',
203 silly resolved        marked: '*',
203 silly resolved        supertest: '0.6.0' },
203 silly resolved     keywords:
203 silly resolved      [ 'express',
203 silly resolved        'framework',
203 silly resolved        'sinatra',
203 silly resolved        'web',
203 silly resolved        'rest',
203 silly resolved        'restful',
203 silly resolved        'router',
203 silly resolved        'app',
203 silly resolved        'api' ],
203 silly resolved     repository: { type: 'git', url: 'git://github.com/visionmedia/express' },
203 silly resolved     main: 'index',
203 silly resolved     bin: { express: './bin/express' },
203 silly resolved     scripts: { prepublish: 'npm prune', test: 'make test' },
203 silly resolved     engines: { node: '*' },
203 silly resolved     readme: '![express logo](http://f.cl.ly/items/0V2S1n0K1i3y1c122g04/Screen%20Shot%202012-04-11%20at%209.59.42%20AM.png)\n\n  Fast, unopinionated, minimalist web framework for [node](http://nodejs.org). [![Build Status](https://secure.travis-ci.org/visionmedia/express.png)](http://travis-ci.org/visionmedia/express) [![Dependency Status](https://gemnasium.com/visionmedia/express.png)](https://gemnasium.com/visionmedia/express)\n\n```js\nvar express = require(\'express\');\nvar app = express();\n\napp.get(\'/\', function(req, res){\n  res.send(\'Hello World\');\n});\n\napp.listen(3000);\n```\n\n## Installation\n\n    $ npm install -g express\n\n## Quick Start\n\n The quickest way to get started with express is to utilize the executable `express(1)` to generate an application as shown below:\n\n Create the app:\n\n    $ npm install -g express\n    $ express /tmp/foo && cd /tmp/foo\n\n Install dependencies:\n\n    $ npm install\n\n Start the server:\n\n    $ node app\n\n## Features\n\n  * Built on [Connect](http://github.com/senchalabs/connect)\n  * Robust routing\n  * HTTP helpers (redirection, caching, etc)\n  * View system supporting 14+ template engines\n  * Content negotiation\n  * Focus on high performance\n  * Environment based configuration\n  * Executable for generating applications quickly\n  * High test coverage\n\n## Philosophy\n\n  The Express philosophy is to provide small, robust tooling for HTTP servers. Making\n  it a great solution for single page applications, web sites, hybrids, or public\n  HTTP APIs.\n\n  Built on Connect you can use _only_ what you need, and nothing more, applications\n  can be as big or as small as you like, even a single file. Express does\n  not force you to use any specific ORM or template engine. With support for over\n  14 template engines via [Consolidate.js](http://github.com/visionmedia/consolidate.js)\n  you can quickly craft your perfect framework.\n\n## More Information\n\n  * Join #express on freenode\n  * [Google Group](http://groups.google.com/group/express-js) for discussion\n  * Follow [tjholowaychuk](http://twitter.com/tjholowaychuk) on twitter for updates\n  * Visit the [Wiki](http://github.com/visionmedia/express/wiki)\n  * [ ](http://jsman.ru/express/)\n  * Run express examples [online](https://runnable.com/express)\n\n## Viewing Examples\n\nClone the Express repo, then install the dev dependencies to install all the example / test suite deps:\n\n    $ git clone git://github.com/visionmedia/express.git --depth 1\n    $ cd express\n    $ npm install\n\nthen run whichever tests you want:\n\n    $ node examples/content-negotiation\n\n## Running Tests\n\nTo run the test suite first invoke the following command within the repo, installing the development dependencies:\n\n    $ npm install\n\nthen run the tests:\n\n    $ make test\n\n## Contributors\n\n```\nproject: express\ncommits: 3559\nactive : 468 days\nfiles  : 237\nauthors:\n 1891\tTj Holowaychuk          53.1%\n 1285\tvisionmedia             36.1%\n  182\tTJ Holowaychuk          5.1%\n   54\tAaron Heckmann          1.5%\n   34\tcsausdev                1.0%\n   26\tciaranj                 0.7%\n   21\tRobert Skld            0.6%\n    6\tGuillermo Rauch         0.2%\n    3\tDav Glass               0.1%\n    3\tNick Poulden            0.1%\n    2\tRandy Merrill           0.1%\n    2\tBenny Wong              0.1%\n    2\tHunter Loftis           0.1%\n    2\tJake Gordon             0.1%\n    2\tBrian McKinney          0.1%\n    2\tRoman Shtylman          0.1%\n    2\tBen Weaver              0.1%\n    2\tDave Hoover             0.1%\n    2\tEivind Fjeldstad        0.1%\n    2\tDaniel Shaw             0.1%\n    1\tMatt Colyer             0.0%\n    1\tPau Ramon               0.0%\n    1\tPero Pejovic            0.0%\n    1\tPeter Rekdal Sunde      0.0%\n    1\tRaynos                  0.0%\n    1\tTeng Siong Ong          0.0%\n    1\tViktor Kelemen          0.0%\n    1\tctide                   0.0%\n    1\t8bitDesigner            0.0%\n    1\tisaacs                  0.0%\n    1\tmgutz                   0.0%\n    1\tpikeas                  0.0%\n    1\tshuwatto                0.0%\n    1\ttstrimple               0.0%\n    1\tewoudj                  0.0%\n    1\tAdam Sanderson          0.0%\n    1\tAndrii Kostenko         0.0%\n    1\tAndy Hiew               0.0%\n    1\tArpad Borsos            0.0%\n    1\tAshwin Purohit          0.0%\n    1\tBenjen                  0.0%\n    1\tDarren Torpey           0.0%\n    1\tGreg Ritter             0.0%\n    1\tGregory Ritter          0.0%\n    1\tJames Herdman           0.0%\n    1\tJim Snodgrass           0.0%\n    1\tJoe McCann              0.0%\n    1\tJonathan Dumaine        0.0%\n    1\tJonathan Palardy        0.0%\n    1\tJonathan Zacsh          0.0%\n    1\tJustin Lilly            0.0%\n    1\tKen Sato                0.0%\n    1\tMaciej Maecki          0.0%\n    1\tMasahiro Hayashi        0.0%\n```\n\n## License\n\n(The MIT License)\n\nCopyright (c) 2009-2012 TJ Holowaychuk &lt;tj@vision-media.ca&gt;\n\nPermission is hereby granted, free of charge, to any person obtaining\na copy of this software and associated documentation files (the\n\'Software\'), to deal in the Software without restriction, including\nwithout limitation the rights to use, copy, modify, merge, publish,\ndistribute, sublicense, and/or sell copies of the Software, and to\npermit persons to whom the Software is furnished to do so, subject to\nthe following conditions:\n\nThe above copyright notice and this permission notice shall be\nincluded in all copies or substantial portions of the Software.\n\nTHE SOFTWARE IS PROVIDED \'AS IS\', WITHOUT WARRANTY OF ANY KIND,\nEXPRESS OR IMPLIED, INCLUDING BUT NOT LIMITED TO THE WARRANTIES OF\nMERCHANTABILITY, FITNESS FOR A PARTICULAR PURPOSE AND NONINFRINGEMENT.\nIN NO EVENT SHALL THE AUTHORS OR COPYRIGHT HOLDERS BE LIABLE FOR ANY\nCLAIM, DAMAGES OR OTHER LIABILITY, WHETHER IN AN ACTION OF CONTRACT,\nTORT OR OTHERWISE, ARISING FROM, OUT OF OR IN CONNECTION WITH THE\nSOFTWARE OR THE USE OR OTHER DEALINGS IN THE SOFTWARE.\n',
203 silly resolved     _id: 'express@3.2.6',
203 silly resolved     _from: 'express@~3.2.6' } ]
204 info install timsgeocoder@0.0.2 into /var/lib/stickshift/51a9fda94382ec48b000011b/app-root/data/515662
205 info install arcnearby@0.0.7 into /var/lib/stickshift/51a9fda94382ec48b000011b/app-root/data/515662
206 info install node-promise@0.5.6 into /var/lib/stickshift/51a9fda94382ec48b000011b/app-root/data/515662
207 info install twilio@1.1.3 into /var/lib/stickshift/51a9fda94382ec48b000011b/app-root/data/515662
208 info install underscore@1.4.4 into /var/lib/stickshift/51a9fda94382ec48b000011b/app-root/data/515662
209 info install request@2.21.0 into /var/lib/stickshift/51a9fda94382ec48b000011b/app-root/data/515662
210 info install express@3.2.6 into /var/lib/stickshift/51a9fda94382ec48b000011b/app-root/data/515662
211 info installOne timsgeocoder@0.0.2
212 info installOne arcnearby@0.0.7
213 info installOne node-promise@0.5.6
214 info installOne twilio@1.1.3
215 info installOne underscore@1.4.4
216 info installOne request@2.21.0
217 info installOne express@3.2.6
218 verbose from cache /var/lib/openshift/51a9fda94382ec48b000011b/app-root/data/.npm/node-promise/0.5.6/package/package.json
219 verbose from cache /var/lib/openshift/51a9fda94382ec48b000011b/app-root/data/.npm/twilio/1.1.3/package/package.json
220 verbose from cache /var/lib/openshift/51a9fda94382ec48b000011b/app-root/data/.npm/underscore/1.4.4/package/package.json
221 verbose from cache /var/lib/openshift/51a9fda94382ec48b000011b/app-root/data/.npm/request/2.21.0/package/package.json
222 verbose from cache /var/lib/openshift/51a9fda94382ec48b000011b/app-root/data/.npm/express/3.2.6/package/package.json
223 error git Appears to be a git repo or submodule.
223 error git     /var/lib/stickshift/51a9fda94382ec48b000011b/app-root/data/515662/node_modules/timsgeocoder
223 error git Refusing to remove it. Update manually,
223 error git or move it out of the way first.
224 error System Linux 2.6.32-358.10.1.1.el6.x86_64
225 error command "/var/lib/openshift/51a9fda94382ec48b000011b/app-root/data//bin/node-openshift-v8" "/var/lib/stickshift/51a9fda94382ec48b000011b/app-root/data/lib/node_modules/npm/bin/npm-cli.js" "install"
226 error cwd /var/lib/stickshift/51a9fda94382ec48b000011b/app-root/data/515662
227 error node -v v0.8.9
228 error npm -v 1.1.62
229 error path /var/lib/stickshift/51a9fda94382ec48b000011b/app-root/data/515662/node_modules/timsgeocoder
230 error code EISGIT
231 verbose exit [ 1, true ]
